d:\felo - zc\year 2\semister 1\cie 205\project\goodluckkkkk (3)\goodluckkkkk (2)\goodluckkkkk\goodluck\ambulance management system\x64\debug\vc143.pdb
d:\felo - zc\year 2\semister 1\cie 205\project\goodluckkkkk (3)\goodluckkkkk (2)\goodluckkkkk\goodluck\ambulance management system\x64\debug\vc143.idb
d:\felo - zc\year 2\semister 1\cie 205\project\goodluckkkkk (3)\goodluckkkkk (2)\goodluckkkkk\goodluck\ambulance management system\x64\debug\ui.obj
d:\felo - zc\year 2\semister 1\cie 205\project\goodluckkkkk (3)\goodluckkkkk (2)\goodluckkkkk\goodluck\ambulance management system\x64\debug\pricancelqueue.obj
d:\felo - zc\year 2\semister 1\cie 205\project\goodluckkkkk (3)\goodluckkkkk (2)\goodluckkkkk\goodluck\ambulance management system\x64\debug\patient.obj
d:\felo - zc\year 2\semister 1\cie 205\project\goodluckkkkk (3)\goodluckkkkk (2)\goodluckkkkk\goodluck\ambulance management system\x64\debug\organizer.obj
d:\felo - zc\year 2\semister 1\cie 205\project\goodluckkkkk (3)\goodluckkkkk (2)\goodluckkkkk\goodluck\ambulance management system\x64\debug\hospital.obj
d:\felo - zc\year 2\semister 1\cie 205\project\goodluckkkkk (3)\goodluckkkkk (2)\goodluckkkkk\goodluck\ambulance management system\x64\debug\time.obj
d:\felo - zc\year 2\semister 1\cie 205\project\goodluckkkkk (3)\goodluckkkkk (2)\goodluckkkkk\goodluck\ambulance management system\x64\debug\car.obj
d:\felo - zc\year 2\semister 1\cie 205\project\goodluckkkkk (3)\goodluckkkkk (2)\goodluckkkkk\goodluck\ambulance management system\x64\debug\cancelqueue.obj
d:\felo - zc\year 2\semister 1\cie 205\project\goodluckkkkk (3)\goodluckkkkk (2)\goodluckkkkk\goodluck\ambulance management system\x64\debug\ambulance management system.obj
d:\felo - zc\year 2\semister 1\cie 205\project\goodluckkkkk (3)\goodluckkkkk (2)\goodluckkkkk\goodluck\x64\debug\ambulance management system.exe
d:\felo - zc\year 2\semister 1\cie 205\project\goodluckkkkk (3)\goodluckkkkk (2)\goodluckkkkk\goodluck\x64\debug\ambulance management system.pdb
d:\felo - zc\year 2\semister 1\cie 205\project\goodluckkkkk (3)\goodluckkkkk (2)\goodluckkkkk\goodluck\ambulance management system\x64\debug\ambulance management system.ilk
d:\felo - zc\year 2\semister 1\cie 205\project\goodluckkkkk (3)\goodluckkkkk (2)\goodluckkkkk\goodluck\ambulance management system\x64\debug\ambulanc.6b2d1584.tlog\cl.command.1.tlog
d:\felo - zc\year 2\semister 1\cie 205\project\goodluckkkkk (3)\goodluckkkkk (2)\goodluckkkkk\goodluck\ambulance management system\x64\debug\ambulanc.6b2d1584.tlog\cl.items.tlog
d:\felo - zc\year 2\semister 1\cie 205\project\goodluckkkkk (3)\goodluckkkkk (2)\goodluckkkkk\goodluck\ambulance management system\x64\debug\ambulanc.6b2d1584.tlog\cl.read.1.tlog
d:\felo - zc\year 2\semister 1\cie 205\project\goodluckkkkk (3)\goodluckkkkk (2)\goodluckkkkk\goodluck\ambulance management system\x64\debug\ambulanc.6b2d1584.tlog\cl.write.1.tlog
d:\felo - zc\year 2\semister 1\cie 205\project\goodluckkkkk (3)\goodluckkkkk (2)\goodluckkkkk\goodluck\ambulance management system\x64\debug\ambulanc.6b2d1584.tlog\link.command.1.tlog
d:\felo - zc\year 2\semister 1\cie 205\project\goodluckkkkk (3)\goodluckkkkk (2)\goodluckkkkk\goodluck\ambulance management system\x64\debug\ambulanc.6b2d1584.tlog\link.read.1.tlog
d:\felo - zc\year 2\semister 1\cie 205\project\goodluckkkkk (3)\goodluckkkkk (2)\goodluckkkkk\goodluck\ambulance management system\x64\debug\ambulanc.6b2d1584.tlog\link.secondary.1.tlog
d:\felo - zc\year 2\semister 1\cie 205\project\goodluckkkkk (3)\goodluckkkkk (2)\goodluckkkkk\goodluck\ambulance management system\x64\debug\ambulanc.6b2d1584.tlog\link.write.1.tlog
